{"C:\\Users\\hp\\Downloads\\Code_on_track website development\\frontend\\src\\components\\ImportPreviewTable.tsx": {"path":"C:\\Users\\hp\\Downloads\\Code_on_track website development\\frontend\\src\\components\\ImportPreviewTable.tsx","statementMap":{"0":{"start":{"line":8,"column":62},"end":{"line":88,"column":null}},"1":{"start":{"line":9,"column":53},"end":{"line":9,"column":null}},"2":{"start":{"line":35,"column":4},"end":{"line":86,"column":null}},"3":{"start":{"line":68,"column":32},"end":{"line":76,"column":null}}},"fnMap":{"0":{"name":"(anonymous_0)","decl":{"start":{"line":8,"column":62},"end":{"line":8,"column":63}},"loc":{"start":{"line":8,"column":79},"end":{"line":88,"column":null}},"line":8},"1":{"name":"(anonymous_1)","decl":{"start":{"line":67,"column":46},"end":{"line":67,"column":47}},"loc":{"start":{"line":68,"column":32},"end":{"line":76,"column":null}},"line":68}},"branchMap":{"0":{"loc":{"start":{"line":54,"column":13},"end":{"line":84,"column":null}},"type":"cond-expr","locations":[{"start":{"line":55,"column":16},"end":{"line":80,"column":null}},{"start":{"line":82,"column":16},"end":{"line":84,"column":null}}],"line":54},"1":{"loc":{"start":{"line":70,"column":103},"end":{"line":70,"column":126}},"type":"binary-expr","locations":[{"start":{"line":70,"column":103},"end":{"line":70,"column":122}},{"start":{"line":70,"column":122},"end":{"line":70,"column":126}}],"line":70},"2":{"loc":{"start":{"line":71,"column":103},"end":{"line":71,"column":137}},"type":"binary-expr","locations":[{"start":{"line":71,"column":103},"end":{"line":71,"column":133}},{"start":{"line":71,"column":133},"end":{"line":71,"column":137}}],"line":71},"3":{"loc":{"start":{"line":72,"column":103},"end":{"line":72,"column":134}},"type":"binary-expr","locations":[{"start":{"line":72,"column":103},"end":{"line":72,"column":130}},{"start":{"line":72,"column":130},"end":{"line":72,"column":134}}],"line":72}},"s":{"0":1,"1":2,"2":2,"3":1},"f":{"0":2,"1":1},"b":{"0":[1,1],"1":[1,1],"2":[1,0],"3":[1,0]},"meta":{"lastBranch":4,"lastFunction":2,"lastStatement":4,"seen":{"s:8:62:88:Infinity":0,"f:8:62:8:63":0,"s:9:53:9:Infinity":1,"s:35:4:86:Infinity":2,"b:55:16:80:Infinity:82:16:84:Infinity":0,"f:67:46:67:47":1,"s:68:32:76:Infinity":3,"b:70:103:70:122:70:122:70:126":1,"b:71:103:71:133:71:133:71:137":2,"b:72:103:72:130:72:130:72:134":3}}}
,"C:\\Users\\hp\\Downloads\\Code_on_track website development\\frontend\\src\\context\\AuthContext.tsx": {"path":"C:\\Users\\hp\\Downloads\\Code_on_track website development\\frontend\\src\\context\\AuthContext.tsx","statementMap":{"0":{"start":{"line":17,"column":6},"end":{"line":17,"column":null}},"1":{"start":{"line":20,"column":26},"end":{"line":20,"column":null}},"2":{"start":{"line":21,"column":24},"end":{"line":21,"column":null}},"3":{"start":{"line":23,"column":4},"end":{"line":35,"column":null}},"4":{"start":{"line":24,"column":8},"end":{"line":34,"column":null}},"5":{"start":{"line":25,"column":12},"end":{"line":31,"column":null}},"6":{"start":{"line":26,"column":22},"end":{"line":26,"column":null}},"7":{"start":{"line":27,"column":16},"end":{"line":27,"column":null}},"8":{"start":{"line":29,"column":16},"end":{"line":29,"column":null}},"9":{"start":{"line":30,"column":16},"end":{"line":30,"column":null}},"10":{"start":{"line":33,"column":12},"end":{"line":33,"column":null}},"11":{"start":{"line":37,"column":18},"end":{"line":40,"column":null}},"12":{"start":{"line":38,"column":8},"end":{"line":38,"column":null}},"13":{"start":{"line":39,"column":8},"end":{"line":39,"column":null}},"14":{"start":{"line":42,"column":19},"end":{"line":46,"column":null}},"15":{"start":{"line":43,"column":8},"end":{"line":43,"column":null}},"16":{"start":{"line":44,"column":8},"end":{"line":44,"column":null}},"17":{"start":{"line":45,"column":8},"end":{"line":45,"column":null}},"18":{"start":{"line":48,"column":4},"end":{"line":57,"column":null}},"19":{"start":{"line":62,"column":10},"end":{"line":62,"column":null}},"20":{"start":{"line":63,"column":4},"end":{"line":65,"column":null}},"21":{"start":{"line":64,"column":8},"end":{"line":64,"column":null}},"22":{"start":{"line":66,"column":4},"end":{"line":66,"column":null}}},"fnMap":{"0":{"name":"AuthProvider","decl":{"start":{"line":19,"column":16},"end":{"line":19,"column":29}},"loc":{"start":{"line":19,"column":68},"end":{"line":59,"column":null}},"line":19},"1":{"name":"(anonymous_1)","decl":{"start":{"line":23,"column":14},"end":{"line":23,"column":20}},"loc":{"start":{"line":23,"column":20},"end":{"line":35,"column":7}},"line":23},"2":{"name":"(anonymous_2)","decl":{"start":{"line":37,"column":18},"end":{"line":37,"column":19}},"loc":{"start":{"line":37,"column":40},"end":{"line":40,"column":null}},"line":37},"3":{"name":"(anonymous_3)","decl":{"start":{"line":42,"column":19},"end":{"line":42,"column":25}},"loc":{"start":{"line":42,"column":25},"end":{"line":46,"column":null}},"line":42},"4":{"name":"useAuth","decl":{"start":{"line":61,"column":16},"end":{"line":61,"column":26}},"loc":{"start":{"line":61,"column":26},"end":{"line":67,"column":null}},"line":61}},"branchMap":{"0":{"loc":{"start":{"line":24,"column":8},"end":{"line":34,"column":null}},"type":"if","locations":[{"start":{"line":24,"column":8},"end":{"line":34,"column":null}},{"start":{"line":32,"column":15},"end":{"line":34,"column":null}}],"line":24},"1":{"loc":{"start":{"line":27,"column":50},"end":{"line":27,"column":75}},"type":"binary-expr","locations":[{"start":{"line":27,"column":50},"end":{"line":27,"column":66}},{"start":{"line":27,"column":66},"end":{"line":27,"column":75}}],"line":27},"2":{"loc":{"start":{"line":51,"column":18},"end":{"line":51,"column":null}},"type":"binary-expr","locations":[{"start":{"line":51,"column":18},"end":{"line":51,"column":32}},{"start":{"line":51,"column":32},"end":{"line":51,"column":null}}],"line":51},"3":{"loc":{"start":{"line":63,"column":4},"end":{"line":65,"column":null}},"type":"if","locations":[{"start":{"line":63,"column":4},"end":{"line":65,"column":null}},{"start":{},"end":{}}],"line":63}},"s":{"0":1,"1":2,"2":2,"3":2,"4":2,"5":1,"6":1,"7":1,"8":1,"9":1,"10":1,"11":2,"12":1,"13":1,"14":2,"15":1,"16":1,"17":1,"18":2,"19":4,"20":4,"21":0,"22":4},"f":{"0":2,"1":2,"2":1,"3":1,"4":4},"b":{"0":[1,1],"1":[1,0],"2":[2,2],"3":[0,4]},"meta":{"lastBranch":4,"lastFunction":5,"lastStatement":23,"seen":{"s:17:6:17:Infinity":0,"f:19:16:19:29":0,"s:20:26:20:Infinity":1,"s:21:24:21:Infinity":2,"s:23:4:35:Infinity":3,"f:23:14:23:20":1,"b:24:8:34:Infinity:32:15:34:Infinity":0,"s:24:8:34:Infinity":4,"s:25:12:31:Infinity":5,"s:26:22:26:Infinity":6,"s:27:16:27:Infinity":7,"b:27:50:27:66:27:66:27:75":1,"s:29:16:29:Infinity":8,"s:30:16:30:Infinity":9,"s:33:12:33:Infinity":10,"s:37:18:40:Infinity":11,"f:37:18:37:19":2,"s:38:8:38:Infinity":12,"s:39:8:39:Infinity":13,"s:42:19:46:Infinity":14,"f:42:19:42:25":3,"s:43:8:43:Infinity":15,"s:44:8:44:Infinity":16,"s:45:8:45:Infinity":17,"s:48:4:57:Infinity":18,"b:51:18:51:32:51:32:51:Infinity":2,"f:61:16:61:26":4,"s:62:10:62:Infinity":19,"b:63:4:65:Infinity:undefined:undefined:undefined:undefined":3,"s:63:4:65:Infinity":20,"s:64:8:64:Infinity":21,"s:66:4:66:Infinity":22}}}
,"C:\\Users\\hp\\Downloads\\Code_on_track website development\\frontend\\src\\pages\\Dashboard.tsx": {"path":"C:\\Users\\hp\\Downloads\\Code_on_track website development\\frontend\\src\\pages\\Dashboard.tsx","statementMap":{"0":{"start":{"line":4,"column":18},"end":{"line":37,"column":null}},"1":{"start":{"line":5,"column":26},"end":{"line":5,"column":null}},"2":{"start":{"line":7,"column":4},"end":{"line":20,"column":null}},"3":{"start":{"line":11,"column":27},"end":{"line":18,"column":null}},"4":{"start":{"line":12,"column":12},"end":{"line":17,"column":null}},"5":{"start":{"line":13,"column":28},"end":{"line":13,"column":null}},"6":{"start":{"line":14,"column":16},"end":{"line":14,"column":null}},"7":{"start":{"line":16,"column":16},"end":{"line":16,"column":null}},"8":{"start":{"line":19,"column":8},"end":{"line":19,"column":null}},"9":{"start":{"line":22,"column":4},"end":{"line":35,"column":null}}},"fnMap":{"0":{"name":"(anonymous_0)","decl":{"start":{"line":4,"column":18},"end":{"line":4,"column":24}},"loc":{"start":{"line":4,"column":24},"end":{"line":37,"column":null}},"line":4},"1":{"name":"(anonymous_1)","decl":{"start":{"line":7,"column":14},"end":{"line":7,"column":20}},"loc":{"start":{"line":7,"column":20},"end":{"line":20,"column":7}},"line":7},"2":{"name":"(anonymous_2)","decl":{"start":{"line":11,"column":27},"end":{"line":11,"column":39}},"loc":{"start":{"line":11,"column":39},"end":{"line":18,"column":null}},"line":11}},"branchMap":{},"s":{"0":1,"1":2,"2":2,"3":1,"4":1,"5":1,"6":1,"7":0,"8":1,"9":2},"f":{"0":2,"1":1,"2":1},"b":{},"meta":{"lastBranch":0,"lastFunction":3,"lastStatement":10,"seen":{"s:4:18:37:Infinity":0,"f:4:18:4:24":0,"s:5:26:5:Infinity":1,"s:7:4:20:Infinity":2,"f:7:14:7:20":1,"s:11:27:18:Infinity":3,"f:11:27:11:39":2,"s:12:12:17:Infinity":4,"s:13:28:13:Infinity":5,"s:14:16:14:Infinity":6,"s:16:16:16:Infinity":7,"s:19:8:19:Infinity":8,"s:22:4:35:Infinity":9}}}
,"C:\\Users\\hp\\Downloads\\Code_on_track website development\\frontend\\src\\pages\\ImportItems.tsx": {"path":"C:\\Users\\hp\\Downloads\\Code_on_track website development\\frontend\\src\\pages\\ImportItems.tsx","statementMap":{"0":{"start":{"line":7,"column":30},"end":{"line":147,"column":null}},"1":{"start":{"line":8,"column":24},"end":{"line":8,"column":null}},"2":{"start":{"line":9,"column":42},"end":{"line":9,"column":null}},"3":{"start":{"line":10,"column":38},"end":{"line":10,"column":null}},"4":{"start":{"line":11,"column":26},"end":{"line":11,"column":null}},"5":{"start":{"line":12,"column":36},"end":{"line":12,"column":null}},"6":{"start":{"line":14,"column":10},"end":{"line":14,"column":null}},"7":{"start":{"line":15,"column":10},"end":{"line":15,"column":null}},"8":{"start":{"line":17,"column":10},"end":{"line":27,"column":null}},"9":{"start":{"line":18,"column":21},"end":{"line":18,"column":null}},"10":{"start":{"line":20,"column":12},"end":{"line":20,"column":null}},"11":{"start":{"line":21,"column":12},"end":{"line":21,"column":null}},"12":{"start":{"line":24,"column":12},"end":{"line":24,"column":null}},"13":{"start":{"line":25,"column":12},"end":{"line":25,"column":null}},"14":{"start":{"line":29,"column":10},"end":{"line":43,"column":null}},"15":{"start":{"line":30,"column":21},"end":{"line":30,"column":null}},"16":{"start":{"line":32,"column":12},"end":{"line":32,"column":null}},"17":{"start":{"line":33,"column":12},"end":{"line":33,"column":null}},"18":{"start":{"line":34,"column":12},"end":{"line":34,"column":null}},"19":{"start":{"line":36,"column":12},"end":{"line":36,"column":null}},"20":{"start":{"line":38,"column":12},"end":{"line":38,"column":null}},"21":{"start":{"line":38,"column":29},"end":{"line":38,"column":49}},"22":{"start":{"line":41,"column":12},"end":{"line":41,"column":null}},"23":{"start":{"line":45,"column":29},"end":{"line":52,"column":null}},"24":{"start":{"line":46,"column":8},"end":{"line":51,"column":null}},"25":{"start":{"line":47,"column":12},"end":{"line":47,"column":null}},"26":{"start":{"line":48,"column":12},"end":{"line":48,"column":null}},"27":{"start":{"line":49,"column":12},"end":{"line":49,"column":null}},"28":{"start":{"line":50,"column":12},"end":{"line":50,"column":null}},"29":{"start":{"line":54,"column":26},"end":{"line":60,"column":null}},"30":{"start":{"line":55,"column":8},"end":{"line":55,"column":null}},"31":{"start":{"line":55,"column":19},"end":{"line":55,"column":null}},"32":{"start":{"line":56,"column":25},"end":{"line":56,"column":null}},"33":{"start":{"line":57,"column":8},"end":{"line":57,"column":null}},"34":{"start":{"line":58,"column":8},"end":{"line":58,"column":null}},"35":{"start":{"line":59,"column":8},"end":{"line":59,"column":null}},"36":{"start":{"line":62,"column":25},"end":{"line":68,"column":null}},"37":{"start":{"line":63,"column":8},"end":{"line":63,"column":null}},"38":{"start":{"line":63,"column":19},"end":{"line":63,"column":null}},"39":{"start":{"line":64,"column":25},"end":{"line":64,"column":null}},"40":{"start":{"line":65,"column":8},"end":{"line":65,"column":null}},"41":{"start":{"line":66,"column":8},"end":{"line":66,"column":null}},"42":{"start":{"line":67,"column":8},"end":{"line":67,"column":null}},"43":{"start":{"line":70,"column":25},"end":{"line":70,"column":null}},"44":{"start":{"line":71,"column":22},"end":{"line":71,"column":null}},"45":{"start":{"line":73,"column":4},"end":{"line":145,"column":null}},"46":{"start":{"line":105,"column":45},"end":{"line":105,"column":null}}},"fnMap":{"0":{"name":"(anonymous_0)","decl":{"start":{"line":7,"column":30},"end":{"line":7,"column":36}},"loc":{"start":{"line":7,"column":36},"end":{"line":147,"column":null}},"line":7},"1":{"name":"(anonymous_1)","decl":{"start":{"line":18,"column":20},"end":{"line":18,"column":21}},"loc":{"start":{"line":18,"column":21},"end":{"line":18,"column":null}},"line":18},"2":{"name":"(anonymous_2)","decl":{"start":{"line":19,"column":19},"end":{"line":19,"column":20}},"loc":{"start":{"line":19,"column":29},"end":{"line":22,"column":null}},"line":19},"3":{"name":"(anonymous_3)","decl":{"start":{"line":23,"column":17},"end":{"line":23,"column":18}},"loc":{"start":{"line":23,"column":31},"end":{"line":26,"column":null}},"line":23},"4":{"name":"(anonymous_4)","decl":{"start":{"line":30,"column":20},"end":{"line":30,"column":21}},"loc":{"start":{"line":30,"column":21},"end":{"line":30,"column":null}},"line":30},"5":{"name":"(anonymous_5)","decl":{"start":{"line":31,"column":19},"end":{"line":31,"column":20}},"loc":{"start":{"line":31,"column":29},"end":{"line":39,"column":null}},"line":31},"6":{"name":"(anonymous_6)","decl":{"start":{"line":38,"column":23},"end":{"line":38,"column":29}},"loc":{"start":{"line":38,"column":29},"end":{"line":38,"column":49}},"line":38},"7":{"name":"(anonymous_7)","decl":{"start":{"line":40,"column":17},"end":{"line":40,"column":18}},"loc":{"start":{"line":40,"column":31},"end":{"line":42,"column":null}},"line":40},"8":{"name":"(anonymous_8)","decl":{"start":{"line":45,"column":29},"end":{"line":45,"column":30}},"loc":{"start":{"line":45,"column":73},"end":{"line":52,"column":null}},"line":45},"9":{"name":"(anonymous_9)","decl":{"start":{"line":54,"column":26},"end":{"line":54,"column":32}},"loc":{"start":{"line":54,"column":32},"end":{"line":60,"column":null}},"line":54},"10":{"name":"(anonymous_10)","decl":{"start":{"line":62,"column":25},"end":{"line":62,"column":31}},"loc":{"start":{"line":62,"column":31},"end":{"line":68,"column":null}},"line":62},"11":{"name":"(anonymous_11)","decl":{"start":{"line":105,"column":38},"end":{"line":105,"column":39}},"loc":{"start":{"line":105,"column":45},"end":{"line":105,"column":null}},"line":105}},"branchMap":{"0":{"loc":{"start":{"line":24,"column":21},"end":{"line":24,"column":77}},"type":"binary-expr","locations":[{"start":{"line":24,"column":21},"end":{"line":24,"column":51}},{"start":{"line":24,"column":51},"end":{"line":24,"column":77}}],"line":24},"1":{"loc":{"start":{"line":41,"column":21},"end":{"line":41,"column":76}},"type":"binary-expr","locations":[{"start":{"line":41,"column":21},"end":{"line":41,"column":51}},{"start":{"line":41,"column":51},"end":{"line":41,"column":76}}],"line":41},"2":{"loc":{"start":{"line":46,"column":8},"end":{"line":51,"column":null}},"type":"if","locations":[{"start":{"line":46,"column":8},"end":{"line":51,"column":null}},{"start":{},"end":{}}],"line":46},"3":{"loc":{"start":{"line":46,"column":12},"end":{"line":46,"column":49}},"type":"binary-expr","locations":[{"start":{"line":46,"column":12},"end":{"line":46,"column":30}},{"start":{"line":46,"column":30},"end":{"line":46,"column":49}}],"line":46},"4":{"loc":{"start":{"line":55,"column":8},"end":{"line":55,"column":null}},"type":"if","locations":[{"start":{"line":55,"column":8},"end":{"line":55,"column":null}},{"start":{},"end":{}}],"line":55},"5":{"loc":{"start":{"line":63,"column":8},"end":{"line":63,"column":null}},"type":"if","locations":[{"start":{"line":63,"column":8},"end":{"line":63,"column":null}},{"start":{},"end":{}}],"line":63},"6":{"loc":{"start":{"line":70,"column":25},"end":{"line":70,"column":null}},"type":"binary-expr","locations":[{"start":{"line":70,"column":25},"end":{"line":70,"column":54}},{"start":{"line":70,"column":54},"end":{"line":70,"column":null}}],"line":70},"7":{"loc":{"start":{"line":71,"column":22},"end":{"line":71,"column":null}},"type":"binary-expr","locations":[{"start":{"line":71,"column":22},"end":{"line":71,"column":37}},{"start":{"line":71,"column":37},"end":{"line":71,"column":null}}],"line":71},"8":{"loc":{"start":{"line":116,"column":34},"end":{"line":116,"column":null}},"type":"binary-expr","locations":[{"start":{"line":116,"column":34},"end":{"line":116,"column":43}},{"start":{"line":116,"column":43},"end":{"line":116,"column":null}}],"line":116},"9":{"loc":{"start":{"line":119,"column":25},"end":{"line":119,"column":null}},"type":"cond-expr","locations":[{"start":{"line":119,"column":53},"end":{"line":119,"column":70}},{"start":{"line":119,"column":70},"end":{"line":119,"column":null}}],"line":119},"10":{"loc":{"start":{"line":124,"column":34},"end":{"line":124,"column":null}},"type":"binary-expr","locations":[{"start":{"line":124,"column":34},"end":{"line":124,"column":48}},{"start":{"line":124,"column":48},"end":{"line":124,"column":null}}],"line":124},"11":{"loc":{"start":{"line":127,"column":25},"end":{"line":127,"column":null}},"type":"cond-expr","locations":[{"start":{"line":127,"column":52},"end":{"line":127,"column":69}},{"start":{"line":127,"column":69},"end":{"line":127,"column":null}}],"line":127},"12":{"loc":{"start":{"line":131,"column":17},"end":{"line":134,"column":null}},"type":"binary-expr","locations":[{"start":{"line":131,"column":17},"end":{"line":131,"column":null}},{"start":{"line":132,"column":20},"end":{"line":134,"column":null}}],"line":131},"13":{"loc":{"start":{"line":133,"column":25},"end":{"line":133,"column":null}},"type":"cond-expr","locations":[{"start":{"line":133,"column":53},"end":{"line":133,"column":61}},{"start":{"line":133,"column":61},"end":{"line":133,"column":null}}],"line":133},"14":{"loc":{"start":{"line":137,"column":17},"end":{"line":140,"column":null}},"type":"binary-expr","locations":[{"start":{"line":137,"column":17},"end":{"line":137,"column":null}},{"start":{"line":138,"column":20},"end":{"line":140,"column":null}}],"line":137},"15":{"loc":{"start":{"line":144,"column":13},"end":{"line":144,"column":null}},"type":"binary-expr","locations":[{"start":{"line":144,"column":13},"end":{"line":144,"column":28}},{"start":{"line":144,"column":28},"end":{"line":144,"column":null}}],"line":144}},"s":{"0":1,"1":13,"2":13,"3":13,"4":13,"5":13,"6":13,"7":13,"8":13,"9":2,"10":2,"11":2,"12":0,"13":0,"14":13,"15":1,"16":1,"17":1,"18":1,"19":1,"20":1,"21":0,"22":0,"23":13,"24":3,"25":3,"26":3,"27":3,"28":3,"29":13,"30":2,"31":0,"32":2,"33":2,"34":2,"35":2,"36":13,"37":1,"38":0,"39":1,"40":1,"41":1,"42":1,"43":13,"44":13,"45":13,"46":0},"f":{"0":13,"1":2,"2":2,"3":0,"4":1,"5":1,"6":0,"7":0,"8":3,"9":2,"10":1,"11":0},"b":{"0":[0,0],"1":[0,0],"2":[3,0],"3":[3,3],"4":[0,2],"5":[0,1],"6":[13,13],"7":[13,4],"8":[13,7],"9":[0,13],"10":[13,2],"11":[0,13],"12":[13,0],"13":[0,0],"14":[13,2],"15":[13,4]},"meta":{"lastBranch":16,"lastFunction":12,"lastStatement":47,"seen":{"s:7:30:147:Infinity":0,"f:7:30:7:36":0,"s:8:24:8:Infinity":1,"s:9:42:9:Infinity":2,"s:10:38:10:Infinity":3,"s:11:26:11:Infinity":4,"s:12:36:12:Infinity":5,"s:14:10:14:Infinity":6,"s:15:10:15:Infinity":7,"s:17:10:27:Infinity":8,"f:18:20:18:21":1,"s:18:21:18:Infinity":9,"f:19:19:19:20":2,"s:20:12:20:Infinity":10,"s:21:12:21:Infinity":11,"f:23:17:23:18":3,"s:24:12:24:Infinity":12,"b:24:21:24:51:24:51:24:77":0,"s:25:12:25:Infinity":13,"s:29:10:43:Infinity":14,"f:30:20:30:21":4,"s:30:21:30:Infinity":15,"f:31:19:31:20":5,"s:32:12:32:Infinity":16,"s:33:12:33:Infinity":17,"s:34:12:34:Infinity":18,"s:36:12:36:Infinity":19,"s:38:12:38:Infinity":20,"f:38:23:38:29":6,"s:38:29:38:49":21,"f:40:17:40:18":7,"s:41:12:41:Infinity":22,"b:41:21:41:51:41:51:41:76":1,"s:45:29:52:Infinity":23,"f:45:29:45:30":8,"b:46:8:51:Infinity:undefined:undefined:undefined:undefined":2,"s:46:8:51:Infinity":24,"b:46:12:46:30:46:30:46:49":3,"s:47:12:47:Infinity":25,"s:48:12:48:Infinity":26,"s:49:12:49:Infinity":27,"s:50:12:50:Infinity":28,"s:54:26:60:Infinity":29,"f:54:26:54:32":9,"b:55:8:55:Infinity:undefined:undefined:undefined:undefined":4,"s:55:8:55:Infinity":30,"s:55:19:55:Infinity":31,"s:56:25:56:Infinity":32,"s:57:8:57:Infinity":33,"s:58:8:58:Infinity":34,"s:59:8:59:Infinity":35,"s:62:25:68:Infinity":36,"f:62:25:62:31":10,"b:63:8:63:Infinity:undefined:undefined:undefined:undefined":5,"s:63:8:63:Infinity":37,"s:63:19:63:Infinity":38,"s:64:25:64:Infinity":39,"s:65:8:65:Infinity":40,"s:66:8:66:Infinity":41,"s:67:8:67:Infinity":42,"s:70:25:70:Infinity":43,"b:70:25:70:54:70:54:70:Infinity":6,"s:71:22:71:Infinity":44,"b:71:22:71:37:71:37:71:Infinity":7,"s:73:4:145:Infinity":45,"f:105:38:105:39":11,"s:105:45:105:Infinity":46,"b:116:34:116:43:116:43:116:Infinity":8,"b:119:53:119:70:119:70:119:Infinity":9,"b:124:34:124:48:124:48:124:Infinity":10,"b:127:52:127:69:127:69:127:Infinity":11,"b:131:17:131:Infinity:132:20:134:Infinity":12,"b:133:53:133:61:133:61:133:Infinity":13,"b:137:17:137:Infinity:138:20:140:Infinity":14,"b:144:13:144:28:144:28:144:Infinity":15}}}
,"C:\\Users\\hp\\Downloads\\Code_on_track website development\\frontend\\src\\pages\\Items.tsx": {"path":"C:\\Users\\hp\\Downloads\\Code_on_track website development\\frontend\\src\\pages\\Items.tsx","statementMap":{"0":{"start":{"line":11,"column":14},"end":{"line":53,"column":null}},"1":{"start":{"line":12,"column":26},"end":{"line":12,"column":null}},"2":{"start":{"line":14,"column":4},"end":{"line":24,"column":null}},"3":{"start":{"line":15,"column":27},"end":{"line":22,"column":null}},"4":{"start":{"line":16,"column":12},"end":{"line":21,"column":null}},"5":{"start":{"line":17,"column":28},"end":{"line":17,"column":null}},"6":{"start":{"line":18,"column":16},"end":{"line":18,"column":null}},"7":{"start":{"line":20,"column":16},"end":{"line":20,"column":null}},"8":{"start":{"line":23,"column":8},"end":{"line":23,"column":null}},"9":{"start":{"line":26,"column":4},"end":{"line":51,"column":null}},"10":{"start":{"line":40,"column":24},"end":{"line":47,"column":null}}},"fnMap":{"0":{"name":"(anonymous_0)","decl":{"start":{"line":11,"column":14},"end":{"line":11,"column":20}},"loc":{"start":{"line":11,"column":20},"end":{"line":53,"column":null}},"line":11},"1":{"name":"(anonymous_1)","decl":{"start":{"line":14,"column":14},"end":{"line":14,"column":20}},"loc":{"start":{"line":14,"column":20},"end":{"line":24,"column":7}},"line":14},"2":{"name":"(anonymous_2)","decl":{"start":{"line":15,"column":27},"end":{"line":15,"column":39}},"loc":{"start":{"line":15,"column":39},"end":{"line":22,"column":null}},"line":15},"3":{"name":"(anonymous_3)","decl":{"start":{"line":39,"column":31},"end":{"line":39,"column":32}},"loc":{"start":{"line":40,"column":24},"end":{"line":47,"column":null}},"line":40}},"branchMap":{},"s":{"0":1,"1":2,"2":2,"3":1,"4":1,"5":1,"6":1,"7":0,"8":1,"9":2,"10":2},"f":{"0":2,"1":1,"2":1,"3":2},"b":{},"meta":{"lastBranch":0,"lastFunction":4,"lastStatement":11,"seen":{"s:11:14:53:Infinity":0,"f:11:14:11:20":0,"s:12:26:12:Infinity":1,"s:14:4:24:Infinity":2,"f:14:14:14:20":1,"s:15:27:22:Infinity":3,"f:15:27:15:39":2,"s:16:12:21:Infinity":4,"s:17:28:17:Infinity":5,"s:18:16:18:Infinity":6,"s:20:16:20:Infinity":7,"s:23:8:23:Infinity":8,"s:26:4:51:Infinity":9,"f:39:31:39:32":3,"s:40:24:47:Infinity":10}}}
,"C:\\Users\\hp\\Downloads\\Code_on_track website development\\frontend\\src\\pages\\Login.tsx": {"path":"C:\\Users\\hp\\Downloads\\Code_on_track website development\\frontend\\src\\pages\\Login.tsx","statementMap":{"0":{"start":{"line":6,"column":14},"end":{"line":59,"column":null}},"1":{"start":{"line":7,"column":32},"end":{"line":7,"column":null}},"2":{"start":{"line":8,"column":32},"end":{"line":8,"column":null}},"3":{"start":{"line":9,"column":18},"end":{"line":9,"column":null}},"4":{"start":{"line":10,"column":10},"end":{"line":10,"column":null}},"5":{"start":{"line":12,"column":25},"end":{"line":27,"column":null}},"6":{"start":{"line":13,"column":8},"end":{"line":13,"column":null}},"7":{"start":{"line":14,"column":8},"end":{"line":26,"column":null}},"8":{"start":{"line":15,"column":29},"end":{"line":20,"column":null}},"9":{"start":{"line":22,"column":12},"end":{"line":22,"column":null}},"10":{"start":{"line":23,"column":12},"end":{"line":23,"column":null}},"11":{"start":{"line":25,"column":12},"end":{"line":25,"column":null}},"12":{"start":{"line":29,"column":4},"end":{"line":57,"column":null}},"13":{"start":{"line":38,"column":41},"end":{"line":38,"column":null}},"14":{"start":{"line":48,"column":41},"end":{"line":48,"column":null}}},"fnMap":{"0":{"name":"(anonymous_0)","decl":{"start":{"line":6,"column":14},"end":{"line":6,"column":20}},"loc":{"start":{"line":6,"column":20},"end":{"line":59,"column":null}},"line":6},"1":{"name":"(anonymous_1)","decl":{"start":{"line":12,"column":25},"end":{"line":12,"column":32}},"loc":{"start":{"line":12,"column":55},"end":{"line":27,"column":null}},"line":12},"2":{"name":"(anonymous_2)","decl":{"start":{"line":38,"column":34},"end":{"line":38,"column":35}},"loc":{"start":{"line":38,"column":41},"end":{"line":38,"column":null}},"line":38},"3":{"name":"(anonymous_3)","decl":{"start":{"line":48,"column":34},"end":{"line":48,"column":35}},"loc":{"start":{"line":48,"column":41},"end":{"line":48,"column":null}},"line":48}},"branchMap":{},"s":{"0":1,"1":4,"2":4,"3":4,"4":4,"5":4,"6":1,"7":1,"8":1,"9":1,"10":1,"11":0,"12":4,"13":1,"14":1},"f":{"0":4,"1":1,"2":1,"3":1},"b":{},"meta":{"lastBranch":0,"lastFunction":4,"lastStatement":15,"seen":{"s:6:14:59:Infinity":0,"f:6:14:6:20":0,"s:7:32:7:Infinity":1,"s:8:32:8:Infinity":2,"s:9:18:9:Infinity":3,"s:10:10:10:Infinity":4,"s:12:25:27:Infinity":5,"f:12:25:12:32":1,"s:13:8:13:Infinity":6,"s:14:8:26:Infinity":7,"s:15:29:20:Infinity":8,"s:22:12:22:Infinity":9,"s:23:12:23:Infinity":10,"s:25:12:25:Infinity":11,"s:29:4:57:Infinity":12,"f:38:34:38:35":2,"s:38:41:38:Infinity":13,"f:48:34:48:35":3,"s:48:41:48:Infinity":14}}}
}
