INFO:     Started server process [8396]
INFO:     Waiting for application startup.
INFO:     Application startup complete.
INFO:     Uvicorn running on http://127.0.0.1:8003 (Press CTRL+C to quit)
ERROR:    Exception in ASGI application
Traceback (most recent call last):
  File "C:\Users\hp\OneDrive\Desktop\Code_on_track-daksh(ai)\Code_on_track-daksh(without ai)\Code_on_track-daksh\full_website\backend\venv\Lib\site-packages\sqlalchemy\dialects\postgresql\asyncpg.py", line 526, in _prepare_and_execute
    prepared_stmt, attributes = await adapt_connection._prepare(
                                ^^^^^^^^^^^^^^^^^^^^^^^^^^^^^^^^
        operation, self._invalidate_schema_cache_asof
        ^^^^^^^^^^^^^^^^^^^^^^^^^^^^^^^^^^^^^^^^^^^^^
    )
    ^
  File "C:\Users\hp\OneDrive\Desktop\Code_on_track-daksh(ai)\Code_on_track-daksh(without ai)\Code_on_track-daksh\full_website\backend\venv\Lib\site-packages\sqlalchemy\dialects\postgresql\asyncpg.py", line 755, in _prepare
    prepared_stmt = await self._connection.prepare(
                    ^^^^^^^^^^^^^^^^^^^^^^^^^^^^^^^
        operation, name=self._prepared_statement_name_func()
        ^^^^^^^^^^^^^^^^^^^^^^^^^^^^^^^^^^^^^^^^^^^^^^^^^^^^
    )
    ^
  File "C:\Users\hp\OneDrive\Desktop\Code_on_track-daksh(ai)\Code_on_track-daksh(without ai)\Code_on_track-daksh\full_website\backend\venv\Lib\site-packages\asyncpg\connection.py", line 638, in prepare
    return await self._prepare(
           ^^^^^^^^^^^^^^^^^^^^
    ...<4 lines>...
    )
    ^
  File "C:\Users\hp\OneDrive\Desktop\Code_on_track-daksh(ai)\Code_on_track-daksh(without ai)\Code_on_track-daksh\full_website\backend\venv\Lib\site-packages\asyncpg\connection.py", line 657, in _prepare
    stmt = await self._get_statement(
           ^^^^^^^^^^^^^^^^^^^^^^^^^^
    ...<5 lines>...
    )
    ^
  File "C:\Users\hp\OneDrive\Desktop\Code_on_track-daksh(ai)\Code_on_track-daksh(without ai)\Code_on_track-daksh\full_website\backend\venv\Lib\site-packages\asyncpg\connection.py", line 443, in _get_statement
    statement = await self._protocol.prepare(
                ^^^^^^^^^^^^^^^^^^^^^^^^^^^^^
    ...<5 lines>...
    )
    ^
  File "asyncpg/protocol/protocol.pyx", line 165, in prepare
asyncpg.exceptions.UndefinedColumnError: column vendors.is_active does not exist

The above exception was the direct cause of the following exception:

Traceback (most recent call last):
  File "C:\Users\hp\OneDrive\Desktop\Code_on_track-daksh(ai)\Code_on_track-daksh(without ai)\Code_on_track-daksh\full_website\backend\venv\Lib\site-packages\sqlalchemy\engine\base.py", line 1967, in _exec_single_context
    self.dialect.do_execute(
    ~~~~~~~~~~~~~~~~~~~~~~~^
        cursor, str_statement, effective_parameters, context
        ^^^^^^^^^^^^^^^^^^^^^^^^^^^^^^^^^^^^^^^^^^^^^^^^^^^^
    )
    ^
  File "C:\Users\hp\OneDrive\Desktop\Code_on_track-daksh(ai)\Code_on_track-daksh(without ai)\Code_on_track-daksh\full_website\backend\venv\Lib\site-packages\sqlalchemy\engine\default.py", line 952, in do_execute
    cursor.execute(statement, parameters)
    ~~~~~~~~~~~~~~^^^^^^^^^^^^^^^^^^^^^^^
  File "C:\Users\hp\OneDrive\Desktop\Code_on_track-daksh(ai)\Code_on_track-daksh(without ai)\Code_on_track-daksh\full_website\backend\venv\Lib\site-packages\sqlalchemy\dialects\postgresql\asyncpg.py", line 585, in execute
    self._adapt_connection.await_(
    ~~~~~~~~~~~~~~~~~~~~~~~~~~~~~^
        self._prepare_and_execute(operation, parameters)
        ^^^^^^^^^^^^^^^^^^^^^^^^^^^^^^^^^^^^^^^^^^^^^^^^
    )
    ^
  File "C:\Users\hp\OneDrive\Desktop\Code_on_track-daksh(ai)\Code_on_track-daksh(without ai)\Code_on_track-daksh\full_website\backend\venv\Lib\site-packages\sqlalchemy\util\_concurrency_py3k.py", line 132, in await_only
    return current.parent.switch(awaitable)  # type: ignore[no-any-return,attr-defined] # noqa: E501
           ~~~~~~~~~~~~~~~~~~~~~^^^^^^^^^^^
  File "C:\Users\hp\OneDrive\Desktop\Code_on_track-daksh(ai)\Code_on_track-daksh(without ai)\Code_on_track-daksh\full_website\backend\venv\Lib\site-packages\sqlalchemy\util\_concurrency_py3k.py", line 196, in greenlet_spawn
    value = await result
            ^^^^^^^^^^^^
  File "C:\Users\hp\OneDrive\Desktop\Code_on_track-daksh(ai)\Code_on_track-daksh(without ai)\Code_on_track-daksh\full_website\backend\venv\Lib\site-packages\sqlalchemy\dialects\postgresql\asyncpg.py", line 563, in _prepare_and_execute
    self._handle_exception(error)
    ~~~~~~~~~~~~~~~~~~~~~~^^^^^^^
  File "C:\Users\hp\OneDrive\Desktop\Code_on_track-daksh(ai)\Code_on_track-daksh(without ai)\Code_on_track-daksh\full_website\backend\venv\Lib\site-packages\sqlalchemy\dialects\postgresql\asyncpg.py", line 513, in _handle_exception
    self._adapt_connection._handle_exception(error)
    ~~~~~~~~~~~~~~~~~~~~~~~~~~~~~~~~~~~~~~~~^^^^^^^
  File "C:\Users\hp\OneDrive\Desktop\Code_on_track-daksh(ai)\Code_on_track-daksh(without ai)\Code_on_track-daksh\full_website\backend\venv\Lib\site-packages\sqlalchemy\dialects\postgresql\asyncpg.py", line 797, in _handle_exception
    raise translated_error from error
sqlalchemy.dialects.postgresql.asyncpg.AsyncAdapt_asyncpg_dbapi.ProgrammingError: <class 'asyncpg.exceptions.UndefinedColumnError'>: column vendors.is_active does not exist

The above exception was the direct cause of the following exception:

Traceback (most recent call last):
  File "C:\Users\hp\OneDrive\Desktop\Code_on_track-daksh(ai)\Code_on_track-daksh(without ai)\Code_on_track-daksh\full_website\backend\venv\Lib\site-packages\uvicorn\protocols\http\httptools_impl.py", line 409, in run_asgi
    result = await app(  # type: ignore[func-returns-value]
             ^^^^^^^^^^^^^^^^^^^^^^^^^^^^^^^^^^^^^^^^^^^^^^
        self.scope, self.receive, self.send
        ^^^^^^^^^^^^^^^^^^^^^^^^^^^^^^^^^^^
    )
    ^
  File "C:\Users\hp\OneDrive\Desktop\Code_on_track-daksh(ai)\Code_on_track-daksh(without ai)\Code_on_track-daksh\full_website\backend\venv\Lib\site-packages\uvicorn\middleware\proxy_headers.py", line 60, in __call__
    return await self.app(scope, receive, send)
           ^^^^^^^^^^^^^^^^^^^^^^^^^^^^^^^^^^^^
  File "C:\Users\hp\OneDrive\Desktop\Code_on_track-daksh(ai)\Code_on_track-daksh(without ai)\Code_on_track-daksh\full_website\backend\venv\Lib\site-packages\fastapi\applications.py", line 1139, in __call__
    await super().__call__(scope, receive, send)
  File "C:\Users\hp\OneDrive\Desktop\Code_on_track-daksh(ai)\Code_on_track-daksh(without ai)\Code_on_track-daksh\full_website\backend\venv\Lib\site-packages\starlette\applications.py", line 107, in __call__
    await self.middleware_stack(scope, receive, send)
  File "C:\Users\hp\OneDrive\Desktop\Code_on_track-daksh(ai)\Code_on_track-daksh(without ai)\Code_on_track-daksh\full_website\backend\venv\Lib\site-packages\starlette\middleware\errors.py", line 186, in __call__
    raise exc
  File "C:\Users\hp\OneDrive\Desktop\Code_on_track-daksh(ai)\Code_on_track-daksh(without ai)\Code_on_track-daksh\full_website\backend\venv\Lib\site-packages\starlette\middleware\errors.py", line 164, in __call__
    await self.app(scope, receive, _send)
  File "C:\Users\hp\OneDrive\Desktop\Code_on_track-daksh(ai)\Code_on_track-daksh(without ai)\Code_on_track-daksh\full_website\backend\venv\Lib\site-packages\starlette\middleware\cors.py", line 85, in __call__
    await self.app(scope, receive, send)
  File "C:\Users\hp\OneDrive\Desktop\Code_on_track-daksh(ai)\Code_on_track-daksh(without ai)\Code_on_track-daksh\full_website\backend\venv\Lib\site-packages\starlette\middleware\exceptions.py", line 63, in __call__
    await wrap_app_handling_exceptions(self.app, conn)(scope, receive, send)
  File "C:\Users\hp\OneDrive\Desktop\Code_on_track-daksh(ai)\Code_on_track-daksh(without ai)\Code_on_track-daksh\full_website\backend\venv\Lib\site-packages\starlette\_exception_handler.py", line 53, in wrapped_app
    raise exc
  File "C:\Users\hp\OneDrive\Desktop\Code_on_track-daksh(ai)\Code_on_track-daksh(without ai)\Code_on_track-daksh\full_website\backend\venv\Lib\site-packages\starlette\_exception_handler.py", line 42, in wrapped_app
    await app(scope, receive, sender)
  File "C:\Users\hp\OneDrive\Desktop\Code_on_track-daksh(ai)\Code_on_track-daksh(without ai)\Code_on_track-daksh\full_website\backend\venv\Lib\site-packages\fastapi\middleware\asyncexitstack.py", line 18, in __call__
    await self.app(scope, receive, send)
  File "C:\Users\hp\OneDrive\Desktop\Code_on_track-daksh(ai)\Code_on_track-daksh(without ai)\Code_on_track-daksh\full_website\backend\venv\Lib\site-packages\starlette\routing.py", line 716, in __call__
    await self.middleware_stack(scope, receive, send)
  File "C:\Users\hp\OneDrive\Desktop\Code_on_track-daksh(ai)\Code_on_track-daksh(without ai)\Code_on_track-daksh\full_website\backend\venv\Lib\site-packages\starlette\routing.py", line 736, in app
    await route.handle(scope, receive, send)
  File "C:\Users\hp\OneDrive\Desktop\Code_on_track-daksh(ai)\Code_on_track-daksh(without ai)\Code_on_track-daksh\full_website\backend\venv\Lib\site-packages\starlette\routing.py", line 290, in handle
    await self.app(scope, receive, send)
  File "C:\Users\hp\OneDrive\Desktop\Code_on_track-daksh(ai)\Code_on_track-daksh(without ai)\Code_on_track-daksh\full_website\backend\venv\Lib\site-packages\fastapi\routing.py", line 120, in app
    await wrap_app_handling_exceptions(app, request)(scope, receive, send)
  File "C:\Users\hp\OneDrive\Desktop\Code_on_track-daksh(ai)\Code_on_track-daksh(without ai)\Code_on_track-daksh\full_website\backend\venv\Lib\site-packages\starlette\_exception_handler.py", line 53, in wrapped_app
    raise exc
  File "C:\Users\hp\OneDrive\Desktop\Code_on_track-daksh(ai)\Code_on_track-daksh(without ai)\Code_on_track-daksh\full_website\backend\venv\Lib\site-packages\starlette\_exception_handler.py", line 42, in wrapped_app
    await app(scope, receive, sender)
  File "C:\Users\hp\OneDrive\Desktop\Code_on_track-daksh(ai)\Code_on_track-daksh(without ai)\Code_on_track-daksh\full_website\backend\venv\Lib\site-packages\fastapi\routing.py", line 106, in app
    response = await f(request)
               ^^^^^^^^^^^^^^^^
  File "C:\Users\hp\OneDrive\Desktop\Code_on_track-daksh(ai)\Code_on_track-daksh(without ai)\Code_on_track-daksh\full_website\backend\venv\Lib\site-packages\fastapi\routing.py", line 430, in app
    raw_response = await run_endpoint_function(
                   ^^^^^^^^^^^^^^^^^^^^^^^^^^^^
    ...<3 lines>...
    )
    ^
  File "C:\Users\hp\OneDrive\Desktop\Code_on_track-daksh(ai)\Code_on_track-daksh(without ai)\Code_on_track-daksh\full_website\backend\venv\Lib\site-packages\fastapi\routing.py", line 316, in run_endpoint_function
    return await dependant.call(**values)
           ^^^^^^^^^^^^^^^^^^^^^^^^^^^^^^
  File "C:\Users\hp\OneDrive\Desktop\Code_on_track-daksh(ai)\Code_on_track-daksh(without ai)\Code_on_track-daksh\full_website\backend\app\api\vendors.py", line 117, in list_vendors
    result = await db.execute(query)
             ^^^^^^^^^^^^^^^^^^^^^^^
  File "C:\Users\hp\OneDrive\Desktop\Code_on_track-daksh(ai)\Code_on_track-daksh(without ai)\Code_on_track-daksh\full_website\backend\venv\Lib\site-packages\sqlalchemy\ext\asyncio\session.py", line 449, in execute
    result = await greenlet_spawn(
             ^^^^^^^^^^^^^^^^^^^^^
    ...<6 lines>...
    )
    ^
  File "C:\Users\hp\OneDrive\Desktop\Code_on_track-daksh(ai)\Code_on_track-daksh(without ai)\Code_on_track-daksh\full_website\backend\venv\Lib\site-packages\sqlalchemy\util\_concurrency_py3k.py", line 201, in greenlet_spawn
    result = context.throw(*sys.exc_info())
  File "C:\Users\hp\OneDrive\Desktop\Code_on_track-daksh(ai)\Code_on_track-daksh(without ai)\Code_on_track-daksh\full_website\backend\venv\Lib\site-packages\sqlalchemy\orm\session.py", line 2351, in execute
    return self._execute_internal(
           ~~~~~~~~~~~~~~~~~~~~~~^
        statement,
        ^^^^^^^^^^
    ...<4 lines>...
        _add_event=_add_event,
        ^^^^^^^^^^^^^^^^^^^^^^
    )
    ^
  File "C:\Users\hp\OneDrive\Desktop\Code_on_track-daksh(ai)\Code_on_track-daksh(without ai)\Code_on_track-daksh\full_website\backend\venv\Lib\site-packages\sqlalchemy\orm\session.py", line 2249, in _execute_internal
    result: Result[Any] = compile_state_cls.orm_execute_statement(
                          ~~~~~~~~~~~~~~~~~~~~~~~~~~~~~~~~~~~~~~~^
        self,
        ^^^^^
    ...<4 lines>...
        conn,
        ^^^^^
    )
    ^
  File "C:\Users\hp\OneDrive\Desktop\Code_on_track-daksh(ai)\Code_on_track-daksh(without ai)\Code_on_track-daksh\full_website\backend\venv\Lib\site-packages\sqlalchemy\orm\context.py", line 306, in orm_execute_statement
    result = conn.execute(
        statement, params or {}, execution_options=execution_options
    )
  File "C:\Users\hp\OneDrive\Desktop\Code_on_track-daksh(ai)\Code_on_track-daksh(without ai)\Code_on_track-daksh\full_website\backend\venv\Lib\site-packages\sqlalchemy\engine\base.py", line 1419, in execute
    return meth(
        self,
        distilled_parameters,
        execution_options or NO_OPTIONS,
    )
  File "C:\Users\hp\OneDrive\Desktop\Code_on_track-daksh(ai)\Code_on_track-daksh(without ai)\Code_on_track-daksh\full_website\backend\venv\Lib\site-packages\sqlalchemy\sql\elements.py", line 527, in _execute_on_connection
    return connection._execute_clauseelement(
           ~~~~~~~~~~~~~~~~~~~~~~~~~~~~~~~~~^
        self, distilled_params, execution_options
        ^^^^^^^^^^^^^^^^^^^^^^^^^^^^^^^^^^^^^^^^^
    )
    ^
  File "C:\Users\hp\OneDrive\Desktop\Code_on_track-daksh(ai)\Code_on_track-daksh(without ai)\Code_on_track-daksh\full_website\backend\venv\Lib\site-packages\sqlalchemy\engine\base.py", line 1641, in _execute_clauseelement
    ret = self._execute_context(
        dialect,
    ...<8 lines>...
        cache_hit=cache_hit,
    )
  File "C:\Users\hp\OneDrive\Desktop\Code_on_track-daksh(ai)\Code_on_track-daksh(without ai)\Code_on_track-daksh\full_website\backend\venv\Lib\site-packages\sqlalchemy\engine\base.py", line 1846, in _execute_context
    return self._exec_single_context(
           ~~~~~~~~~~~~~~~~~~~~~~~~~^
        dialect, context, statement, parameters
        ^^^^^^^^^^^^^^^^^^^^^^^^^^^^^^^^^^^^^^^
    )
    ^
  File "C:\Users\hp\OneDrive\Desktop\Code_on_track-daksh(ai)\Code_on_track-daksh(without ai)\Code_on_track-daksh\full_website\backend\venv\Lib\site-packages\sqlalchemy\engine\base.py", line 1986, in _exec_single_context
    self._handle_dbapi_exception(
    ~~~~~~~~~~~~~~~~~~~~~~~~~~~~^
        e, str_statement, effective_parameters, cursor, context
        ^^^^^^^^^^^^^^^^^^^^^^^^^^^^^^^^^^^^^^^^^^^^^^^^^^^^^^^
    )
    ^
  File "C:\Users\hp\OneDrive\Desktop\Code_on_track-daksh(ai)\Code_on_track-daksh(without ai)\Code_on_track-daksh\full_website\backend\venv\Lib\site-packages\sqlalchemy\engine\base.py", line 2363, in _handle_dbapi_exception
    raise sqlalchemy_exception.with_traceback(exc_info[2]) from e
  File "C:\Users\hp\OneDrive\Desktop\Code_on_track-daksh(ai)\Code_on_track-daksh(without ai)\Code_on_track-daksh\full_website\backend\venv\Lib\site-packages\sqlalchemy\engine\base.py", line 1967, in _exec_single_context
    self.dialect.do_execute(
    ~~~~~~~~~~~~~~~~~~~~~~~^
        cursor, str_statement, effective_parameters, context
        ^^^^^^^^^^^^^^^^^^^^^^^^^^^^^^^^^^^^^^^^^^^^^^^^^^^^
    )
    ^
  File "C:\Users\hp\OneDrive\Desktop\Code_on_track-daksh(ai)\Code_on_track-daksh(without ai)\Code_on_track-daksh\full_website\backend\venv\Lib\site-packages\sqlalchemy\engine\default.py", line 952, in do_execute
    cursor.execute(statement, parameters)
    ~~~~~~~~~~~~~~^^^^^^^^^^^^^^^^^^^^^^^
  File "C:\Users\hp\OneDrive\Desktop\Code_on_track-daksh(ai)\Code_on_track-daksh(without ai)\Code_on_track-daksh\full_website\backend\venv\Lib\site-packages\sqlalchemy\dialects\postgresql\asyncpg.py", line 585, in execute
    self._adapt_connection.await_(
    ~~~~~~~~~~~~~~~~~~~~~~~~~~~~~^
        self._prepare_and_execute(operation, parameters)
        ^^^^^^^^^^^^^^^^^^^^^^^^^^^^^^^^^^^^^^^^^^^^^^^^
    )
    ^
  File "C:\Users\hp\OneDrive\Desktop\Code_on_track-daksh(ai)\Code_on_track-daksh(without ai)\Code_on_track-daksh\full_website\backend\venv\Lib\site-packages\sqlalchemy\util\_concurrency_py3k.py", line 132, in await_only
    return current.parent.switch(awaitable)  # type: ignore[no-any-return,attr-defined] # noqa: E501
           ~~~~~~~~~~~~~~~~~~~~~^^^^^^^^^^^
  File "C:\Users\hp\OneDrive\Desktop\Code_on_track-daksh(ai)\Code_on_track-daksh(without ai)\Code_on_track-daksh\full_website\backend\venv\Lib\site-packages\sqlalchemy\util\_concurrency_py3k.py", line 196, in greenlet_spawn
    value = await result
            ^^^^^^^^^^^^
  File "C:\Users\hp\OneDrive\Desktop\Code_on_track-daksh(ai)\Code_on_track-daksh(without ai)\Code_on_track-daksh\full_website\backend\venv\Lib\site-packages\sqlalchemy\dialects\postgresql\asyncpg.py", line 563, in _prepare_and_execute
    self._handle_exception(error)
    ~~~~~~~~~~~~~~~~~~~~~~^^^^^^^
  File "C:\Users\hp\OneDrive\Desktop\Code_on_track-daksh(ai)\Code_on_track-daksh(without ai)\Code_on_track-daksh\full_website\backend\venv\Lib\site-packages\sqlalchemy\dialects\postgresql\asyncpg.py", line 513, in _handle_exception
    self._adapt_connection._handle_exception(error)
    ~~~~~~~~~~~~~~~~~~~~~~~~~~~~~~~~~~~~~~~~^^^^^^^
  File "C:\Users\hp\OneDrive\Desktop\Code_on_track-daksh(ai)\Code_on_track-daksh(without ai)\Code_on_track-daksh\full_website\backend\venv\Lib\site-packages\sqlalchemy\dialects\postgresql\asyncpg.py", line 797, in _handle_exception
    raise translated_error from error
sqlalchemy.exc.ProgrammingError: (sqlalchemy.dialects.postgresql.asyncpg.ProgrammingError) <class 'asyncpg.exceptions.UndefinedColumnError'>: column vendors.is_active does not exist
[SQL: SELECT vendors.id, vendors.name, vendors.contact_info, vendors.metadata, vendors.is_active, vendors.created_at, coalesce(anon_1.count, $1::INTEGER) AS items_count, anon_2.components AS components 
FROM vendors LEFT OUTER JOIN (SELECT items.vendor_id AS vendor_id, count(items.uid) AS count 
FROM items GROUP BY items.vendor_id) AS anon_1 ON vendors.id = anon_1.vendor_id LEFT OUTER JOIN (SELECT items.vendor_id AS vendor_id, string_agg(DISTINCT items.component_type, $2::VARCHAR) AS components 
FROM items GROUP BY items.vendor_id) AS anon_2 ON vendors.id = anon_2.vendor_id ORDER BY vendors.created_at DESC 
 LIMIT $3::INTEGER OFFSET $4::INTEGER]
[parameters: (0, ', ', 20, 0)]
(Background on this error at: https://sqlalche.me/e/20/f405)
